<?xml version="1.0" encoding="UTF-8"?>
<testng-results ignored="0" total="1" passed="1" failed="0" skipped="0">
  <reporter-output>
  </reporter-output>
  <suite started-at="2022-02-10T14:47:57 EST" name="Default suite" finished-at="2022-02-10T14:47:59 EST" duration-ms="1865">
    <groups>
    </groups>
    <test started-at="2022-02-10T14:47:57 EST" name="Default test" finished-at="2022-02-10T14:47:59 EST" duration-ms="1865">
      <class name="PaulTestRI.RIHomePage">
        <test-method is-config="true" signature="navigateToRIHomePage()[pri:0, instance:PaulTestRI.RIHomePage@4c060c8f]" started-at="2022-02-10T14:47:57 EST" name="navigateToRIHomePage" finished-at="2022-02-10T14:47:59 EST" duration-ms="1635" status="PASS">
          <reporter-output>
          </reporter-output>
        </test-method> <!-- navigateToRIHomePage -->
        <test-method signature="verifyLinks()[pri:0, instance:PaulTestRI.RIHomePage@4c060c8f]" started-at="2022-02-10T14:47:59 EST" name="verifyLinks" finished-at="2022-02-10T14:47:59 EST" duration-ms="83" status="PASS">
          <reporter-output>
          </reporter-output>
        </test-method> <!-- verifyLinks -->
        <test-method is-config="true" signature="tearDown()[pri:0, instance:PaulTestRI.RIHomePage@4c060c8f]" started-at="2022-02-10T14:47:59 EST" name="tearDown" finished-at="2022-02-10T14:47:59 EST" duration-ms="108" status="PASS">
          <reporter-output>
          </reporter-output>
        </test-method> <!-- tearDown -->
      </class> <!-- PaulTestRI.RIHomePage -->
    </test> <!-- Default test -->
  </suite> <!-- Default suite -->
</testng-results>
